# JRE version: Java(TM) SE Runtime Environment (8.0_281-b09) (build 1.8.0_281-b09)
# Java VM: Java HotSpot(TM) 64-Bit Server VM (25.281-b09 mixed mode windows-amd64 compressed oops)
Heap:
 PSYoungGen      total 440320K, used 222593K [0x00000000d5f80000, 0x00000000f3180000, 0x0000000100000000)
  eden space 432640K, 49% used [0x00000000d5f80000,0x00000000e3181488,0x00000000f0600000)
  from space 7680K, 98% used [0x00000000f2a00000,0x00000000f315f130,0x00000000f3180000)
  to   space 19968K, 0% used [0x00000000f0a80000,0x00000000f0a80000,0x00000000f1e00000)
 ParOldGen       total 100864K, used 26511K [0x0000000081e00000, 0x0000000088080000, 0x00000000d5f80000)
  object space 100864K, 26% used [0x0000000081e00000,0x00000000837e3c48,0x0000000088080000)
 Metaspace       used 63041K, capacity 67032K, committed 67160K, reserved 1107968K
  class space    used 8398K, capacity 9084K, committed 9088K, reserved 1048576K
GC Heap History (10 events):
Event: 7.985 GC heap before
{Heap before GC invocations=11 (full 2):
 PSYoungGen      total 251904K, used 11842K [0x00000000d5f80000, 0x00000000ed200000, 0x0000000100000000)
  eden space 236544K, 0% used [0x00000000d5f80000,0x00000000d5f80000,0x00000000e4680000)
  from space 15360K, 77% used [0x00000000e4680000,0x00000000e52109c0,0x00000000e5580000)
  to   space 15872K, 0% used [0x00000000ec280000,0x00000000ec280000,0x00000000ed200000)
 ParOldGen       total 51200K, used 7364K [0x0000000081e00000, 0x0000000085000000, 0x00000000d5f80000)
  object space 51200K, 14% used [0x0000000081e00000,0x0000000082531038,0x0000000085000000)
 Metaspace       used 33195K, capacity 35300K, committed 35416K, reserved 1079296K
  class space    used 4268K, capacity 4664K, committed 4736K, reserved 1048576K
Event: 8.065 GC heap after
Heap after GC invocations=11 (full 2):
 PSYoungGen      total 251904K, used 0K [0x00000000d5f80000, 0x00000000ed200000, 0x0000000100000000)
  eden space 236544K, 0% used [0x00000000d5f80000,0x00000000d5f80000,0x00000000e4680000)
  from space 15360K, 0% used [0x00000000e4680000,0x00000000e4680000,0x00000000e5580000)
  to   space 15872K, 0% used [0x00000000ec280000,0x00000000ec280000,0x00000000ed200000)
 ParOldGen       total 72704K, used 16630K [0x0000000081e00000, 0x0000000086500000, 0x00000000d5f80000)
  object space 72704K, 22% used [0x0000000081e00000,0x0000000082e3d9f0,0x0000000086500000)
 Metaspace       used 33195K, capacity 35300K, committed 35416K, reserved 1079296K
  class space    used 4268K, capacity 4664K, committed 4736K, reserved 1048576K
}
Event: 14.027 GC heap before
{Heap before GC invocations=12 (full 2):
 PSYoungGen      total 251904K, used 236544K [0x00000000d5f80000, 0x00000000ed200000, 0x0000000100000000)
  eden space 236544K, 100% used [0x00000000d5f80000,0x00000000e4680000,0x00000000e4680000)
  from space 15360K, 0% used [0x00000000e4680000,0x00000000e4680000,0x00000000e5580000)
  to   space 15872K, 0% used [0x00000000ec280000,0x00000000ec280000,0x00000000ed200000)
 ParOldGen       total 72704K, used 16630K [0x0000000081e00000, 0x0000000086500000, 0x00000000d5f80000)
  object space 72704K, 22% used [0x0000000081e00000,0x0000000082e3d9f0,0x0000000086500000)
 Metaspace       used 53001K, capacity 56154K, committed 56408K, reserved 1097728K
  class space    used 7215K, capacity 7801K, committed 7808K, reserved 1048576K
Event: 14.060 GC heap after
Heap after GC invocations=12 (full 2):
 PSYoungGen      total 345600K, used 15845K [0x00000000d5f80000, 0x00000000ed200000, 0x0000000100000000)
  eden space 329728K, 0% used [0x00000000d5f80000,0x00000000d5f80000,0x00000000ea180000)
  from space 15872K, 99% used [0x00000000ec280000,0x00000000ed1f95e8,0x00000000ed200000)
  to   space 20992K, 0% used [0x00000000ea900000,0x00000000ea900000,0x00000000ebd80000)
 ParOldGen       total 72704K, used 24757K [0x0000000081e00000, 0x0000000086500000, 0x00000000d5f80000)
  object space 72704K, 34% used [0x0000000081e00000,0x000000008362d650,0x0000000086500000)
 Metaspace       used 53001K, capacity 56154K, committed 56408K, reserved 1097728K
  class space    used 7215K, capacity 7801K, committed 7808K, reserved 1048576K
}
Event: 16.706 GC heap before
{Heap before GC invocations=13 (full 2):
 PSYoungGen      total 345600K, used 54105K [0x00000000d5f80000, 0x00000000ed200000, 0x0000000100000000)
  eden space 329728K, 11% used [0x00000000d5f80000,0x00000000d84dcf40,0x00000000ea180000)
  from space 15872K, 99% used [0x00000000ec280000,0x00000000ed1f95e8,0x00000000ed200000)
  to   space 20992K, 0% used [0x00000000ea900000,0x00000000ea900000,0x00000000ebd80000)
 ParOldGen       total 72704K, used 24757K [0x0000000081e00000, 0x0000000086500000, 0x00000000d5f80000)
  object space 72704K, 34% used [0x0000000081e00000,0x000000008362d650,0x0000000086500000)
 Metaspace       used 55556K, capacity 58962K, committed 59028K, reserved 1099776K
  class space    used 7557K, capacity 8149K, committed 8192K, reserved 1048576K
Event: 16.725 GC heap after
Heap after GC invocations=13 (full 2):
 PSYoungGen      total 358400K, used 4954K [0x00000000d5f80000, 0x00000000f3e00000, 0x0000000100000000)
  eden space 337408K, 0% used [0x00000000d5f80000,0x00000000d5f80000,0x00000000ea900000)
  from space 20992K, 23% used [0x00000000ea900000,0x00000000eadd6970,0x00000000ebd80000)
  to   space 20480K, 0% used [0x00000000f2a00000,0x00000000f2a00000,0x00000000f3e00000)
 ParOldGen       total 72704K, used 32824K [0x0000000081e00000, 0x0000000086500000, 0x00000000d5f80000)
  object space 72704K, 45% used [0x0000000081e00000,0x0000000083e0e020,0x0000000086500000)
 Metaspace       used 55556K, capacity 58962K, committed 59028K, reserved 1099776K
  class space    used 7557K, capacity 8149K, committed 8192K, reserved 1048576K
}
Event: 16.725 GC heap before
{Heap before GC invocations=14 (full 3):
 PSYoungGen      total 358400K, used 4954K [0x00000000d5f80000, 0x00000000f3e00000, 0x0000000100000000)
  eden space 337408K, 0% used [0x00000000d5f80000,0x00000000d5f80000,0x00000000ea900000)
  from space 20992K, 23% used [0x00000000ea900000,0x00000000eadd6970,0x00000000ebd80000)
  to   space 20480K, 0% used [0x00000000f2a00000,0x00000000f2a00000,0x00000000f3e00000)
 ParOldGen       total 72704K, used 32824K [0x0000000081e00000, 0x0000000086500000, 0x00000000d5f80000)
  object space 72704K, 45% used [0x0000000081e00000,0x0000000083e0e020,0x0000000086500000)
 Metaspace       used 55556K, capacity 58962K, committed 59028K, reserved 1099776K
  class space    used 7557K, capacity 8149K, committed 8192K, reserved 1048576K
Event: 16.986 GC heap after
Heap after GC invocations=14 (full 3):
 PSYoungGen      total 358400K, used 0K [0x00000000d5f80000, 0x00000000f3e00000, 0x0000000100000000)
  eden space 337408K, 0% used [0x00000000d5f80000,0x00000000d5f80000,0x00000000ea900000)
  from space 20992K, 0% used [0x00000000ea900000,0x00000000ea900000,0x00000000ebd80000)
  to   space 20480K, 0% used [0x00000000f2a00000,0x00000000f2a00000,0x00000000f3e00000)
 ParOldGen       total 100864K, used 26503K [0x0000000081e00000, 0x0000000088080000, 0x00000000d5f80000)
  object space 100864K, 26% used [0x0000000081e00000,0x00000000837e1c48,0x0000000088080000)
 Metaspace       used 55556K, capacity 58962K, committed 59028K, reserved 1099776K
  class space    used 7557K, capacity 8149K, committed 8192K, reserved 1048576K
}
Event: 1395.933 GC heap before
{Heap before GC invocations=15 (full 3):
 PSYoungGen      total 358400K, used 337408K [0x00000000d5f80000, 0x00000000f3e00000, 0x0000000100000000)
  eden space 337408K, 100% used [0x00000000d5f80000,0x00000000ea900000,0x00000000ea900000)
  from space 20992K, 0% used [0x00000000ea900000,0x00000000ea900000,0x00000000ebd80000)
  to   space 20480K, 0% used [0x00000000f2a00000,0x00000000f2a00000,0x00000000f3e00000)
 ParOldGen       total 100864K, used 26503K [0x0000000081e00000, 0x0000000088080000, 0x00000000d5f80000)
  object space 100864K, 26% used [0x0000000081e00000,0x00000000837e1c48,0x0000000088080000)
 Metaspace       used 62813K, capacity 66838K, committed 66904K, reserved 1107968K
  class space    used 8384K, capacity 9067K, committed 9088K, reserved 1048576K
Event: 1396.244 GC heap after
Heap after GC invocations=15 (full 3):
 PSYoungGen      total 440320K, used 7548K [0x00000000d5f80000, 0x00000000f3180000, 0x0000000100000000)
  eden space 432640K, 0% used [0x00000000d5f80000,0x00000000d5f80000,0x00000000f0600000)
  from space 7680K, 98% used [0x00000000f2a00000,0x00000000f315f130,0x00000000f3180000)
  to   space 19968K, 0% used [0x00000000f0a80000,0x00000000f0a80000,0x00000000f1e00000)
 ParOldGen       total 100864K, used 26511K [0x0000000081e00000, 0x0000000088080000, 0x00000000d5f80000)
  object space 100864K, 26% used [0x0000000081e00000,0x00000000837e3c48,0x0000000088080000)
 Metaspace       used 62813K, capacity 66838K, committed 66904K, reserved 1107968K
  class space    used 8384K, capacity 9067K, committed 9088K, reserved 1048576K
}

