# JRE version: Java(TM) SE Runtime Environment (8.0_281-b09) (build 1.8.0_281-b09)
# Java VM: Java HotSpot(TM) 64-Bit Server VM (25.281-b09 mixed mode windows-amd64 compressed oops)
Heap:
 PSYoungGen      total 362496K, used 141536K [0x00000000d5f80000, 0x00000000f6000000, 0x0000000100000000)
  eden space 340480K, 41% used [0x00000000d5f80000,0x00000000de9b81b8,0x00000000eac00000)
  from space 22016K, 0% used [0x00000000eac00000,0x00000000eac00000,0x00000000ec180000)
  to   space 22016K, 0% used [0x00000000f4a80000,0x00000000f4a80000,0x00000000f6000000)
 ParOldGen       total 96256K, used 24992K [0x0000000081e00000, 0x0000000087c00000, 0x00000000d5f80000)
  object space 96256K, 25% used [0x0000000081e00000,0x00000000836682d0,0x0000000087c00000)
 Metaspace       used 59947K, capacity 63424K, committed 63576K, reserved 1103872K
  class space    used 8122K, capacity 8750K, committed 8832K, reserved 1048576K
GC Heap History (10 events):
Event: 8.915 GC heap before
{Heap before GC invocations=10 (full 1):
 PSYoungGen      total 251392K, used 30286K [0x00000000d5f80000, 0x00000000e6600000, 0x0000000100000000)
  eden space 238080K, 7% used [0x00000000d5f80000,0x00000000d71f1808,0x00000000e4800000)
  from space 13312K, 85% used [0x00000000e5900000,0x00000000e6422158,0x00000000e6600000)
  to   space 15360K, 0% used [0x00000000e4800000,0x00000000e4800000,0x00000000e5700000)
 ParOldGen       total 51200K, used 6994K [0x0000000081e00000, 0x0000000085000000, 0x00000000d5f80000)
  object space 51200K, 13% used [0x0000000081e00000,0x00000000824d4810,0x0000000085000000)
 Metaspace       used 33228K, capacity 35340K, committed 35416K, reserved 1079296K
  class space    used 4283K, capacity 4698K, committed 4736K, reserved 1048576K
Event: 8.928 GC heap after
Heap after GC invocations=10 (full 1):
 PSYoungGen      total 253440K, used 11690K [0x00000000d5f80000, 0x00000000ed700000, 0x0000000100000000)
  eden space 238080K, 0% used [0x00000000d5f80000,0x00000000d5f80000,0x00000000e4800000)
  from space 15360K, 76% used [0x00000000e4800000,0x00000000e536a800,0x00000000e5700000)
  to   space 15872K, 0% used [0x00000000ec780000,0x00000000ec780000,0x00000000ed700000)
 ParOldGen       total 51200K, used 7002K [0x0000000081e00000, 0x0000000085000000, 0x00000000d5f80000)
  object space 51200K, 13% used [0x0000000081e00000,0x00000000824d6810,0x0000000085000000)
 Metaspace       used 33228K, capacity 35340K, committed 35416K, reserved 1079296K
  class space    used 4283K, capacity 4698K, committed 4736K, reserved 1048576K
}
Event: 8.928 GC heap before
{Heap before GC invocations=11 (full 2):
 PSYoungGen      total 253440K, used 11690K [0x00000000d5f80000, 0x00000000ed700000, 0x0000000100000000)
  eden space 238080K, 0% used [0x00000000d5f80000,0x00000000d5f80000,0x00000000e4800000)
  from space 15360K, 76% used [0x00000000e4800000,0x00000000e536a800,0x00000000e5700000)
  to   space 15872K, 0% used [0x00000000ec780000,0x00000000ec780000,0x00000000ed700000)
 ParOldGen       total 51200K, used 7002K [0x0000000081e00000, 0x0000000085000000, 0x00000000d5f80000)
  object space 51200K, 13% used [0x0000000081e00000,0x00000000824d6810,0x0000000085000000)
 Metaspace       used 33228K, capacity 35340K, committed 35416K, reserved 1079296K
  class space    used 4283K, capacity 4698K, committed 4736K, reserved 1048576K
Event: 9.000 GC heap after
Heap after GC invocations=11 (full 2):
 PSYoungGen      total 253440K, used 0K [0x00000000d5f80000, 0x00000000ed700000, 0x0000000100000000)
  eden space 238080K, 0% used [0x00000000d5f80000,0x00000000d5f80000,0x00000000e4800000)
  from space 15360K, 0% used [0x00000000e4800000,0x00000000e4800000,0x00000000e5700000)
  to   space 15872K, 0% used [0x00000000ec780000,0x00000000ec780000,0x00000000ed700000)
 ParOldGen       total 71168K, used 16322K [0x0000000081e00000, 0x0000000086380000, 0x00000000d5f80000)
  object space 71168K, 22% used [0x0000000081e00000,0x0000000082df0910,0x0000000086380000)
 Metaspace       used 33228K, capacity 35340K, committed 35416K, reserved 1079296K
  class space    used 4283K, capacity 4698K, committed 4736K, reserved 1048576K
}
Event: 16.898 GC heap before
{Heap before GC invocations=12 (full 2):
 PSYoungGen      total 253440K, used 238080K [0x00000000d5f80000, 0x00000000ed700000, 0x0000000100000000)
  eden space 238080K, 100% used [0x00000000d5f80000,0x00000000e4800000,0x00000000e4800000)
  from space 15360K, 0% used [0x00000000e4800000,0x00000000e4800000,0x00000000e5700000)
  to   space 15872K, 0% used [0x00000000ec780000,0x00000000ec780000,0x00000000ed700000)
 ParOldGen       total 71168K, used 16322K [0x0000000081e00000, 0x0000000086380000, 0x00000000d5f80000)
  object space 71168K, 22% used [0x0000000081e00000,0x0000000082df0910,0x0000000086380000)
 Metaspace       used 54000K, capacity 57110K, committed 57432K, reserved 1099776K
  class space    used 7363K, capacity 7943K, committed 8064K, reserved 1048576K
Event: 16.941 GC heap after
Heap after GC invocations=12 (full 2):
 PSYoungGen      total 352768K, used 15845K [0x00000000d5f80000, 0x00000000ed700000, 0x0000000100000000)
  eden space 336896K, 0% used [0x00000000d5f80000,0x00000000d5f80000,0x00000000ea880000)
  from space 15872K, 99% used [0x00000000ec780000,0x00000000ed6f95a8,0x00000000ed700000)
  to   space 22016K, 0% used [0x00000000eac00000,0x00000000eac00000,0x00000000ec180000)
 ParOldGen       total 71168K, used 26708K [0x0000000081e00000, 0x0000000086380000, 0x00000000d5f80000)
  object space 71168K, 37% used [0x0000000081e00000,0x00000000838150e0,0x0000000086380000)
 Metaspace       used 54000K, capacity 57110K, committed 57432K, reserved 1099776K
  class space    used 7363K, capacity 7943K, committed 8064K, reserved 1048576K
}
Event: 17.400 GC heap before
{Heap before GC invocations=13 (full 2):
 PSYoungGen      total 352768K, used 39202K [0x00000000d5f80000, 0x00000000ed700000, 0x0000000100000000)
  eden space 336896K, 6% used [0x00000000d5f80000,0x00000000d764f4c8,0x00000000ea880000)
  from space 15872K, 99% used [0x00000000ec780000,0x00000000ed6f95a8,0x00000000ed700000)
  to   space 22016K, 0% used [0x00000000eac00000,0x00000000eac00000,0x00000000ec180000)
 ParOldGen       total 71168K, used 26708K [0x0000000081e00000, 0x0000000086380000, 0x00000000d5f80000)
  object space 71168K, 37% used [0x0000000081e00000,0x00000000838150e0,0x0000000086380000)
 Metaspace       used 55776K, capacity 59000K, committed 59028K, reserved 1099776K
  class space    used 7592K, capacity 8176K, committed 8192K, reserved 1048576K
Event: 17.420 GC heap after
Heap after GC invocations=13 (full 2):
 PSYoungGen      total 362496K, used 1883K [0x00000000d5f80000, 0x00000000f6000000, 0x0000000100000000)
  eden space 340480K, 0% used [0x00000000d5f80000,0x00000000d5f80000,0x00000000eac00000)
  from space 22016K, 8% used [0x00000000eac00000,0x00000000eadd6f98,0x00000000ec180000)
  to   space 22016K, 0% used [0x00000000f4a80000,0x00000000f4a80000,0x00000000f6000000)
 ParOldGen       total 71168K, used 36265K [0x0000000081e00000, 0x0000000086380000, 0x00000000d5f80000)
  object space 71168K, 50% used [0x0000000081e00000,0x000000008416a6f0,0x0000000086380000)
 Metaspace       used 55776K, capacity 59000K, committed 59028K, reserved 1099776K
  class space    used 7592K, capacity 8176K, committed 8192K, reserved 1048576K
}
Event: 17.420 GC heap before
{Heap before GC invocations=14 (full 3):
 PSYoungGen      total 362496K, used 1883K [0x00000000d5f80000, 0x00000000f6000000, 0x0000000100000000)
  eden space 340480K, 0% used [0x00000000d5f80000,0x00000000d5f80000,0x00000000eac00000)
  from space 22016K, 8% used [0x00000000eac00000,0x00000000eadd6f98,0x00000000ec180000)
  to   space 22016K, 0% used [0x00000000f4a80000,0x00000000f4a80000,0x00000000f6000000)
 ParOldGen       total 71168K, used 36265K [0x0000000081e00000, 0x0000000086380000, 0x00000000d5f80000)
  object space 71168K, 50% used [0x0000000081e00000,0x000000008416a6f0,0x0000000086380000)
 Metaspace       used 55776K, capacity 59000K, committed 59028K, reserved 1099776K
  class space    used 7592K, capacity 8176K, committed 8192K, reserved 1048576K
Event: 17.665 GC heap after
Heap after GC invocations=14 (full 3):
 PSYoungGen      total 362496K, used 0K [0x00000000d5f80000, 0x00000000f6000000, 0x0000000100000000)
  eden space 340480K, 0% used [0x00000000d5f80000,0x00000000d5f80000,0x00000000eac00000)
  from space 22016K, 0% used [0x00000000eac00000,0x00000000eac00000,0x00000000ec180000)
  to   space 22016K, 0% used [0x00000000f4a80000,0x00000000f4a80000,0x00000000f6000000)
 ParOldGen       total 96256K, used 24992K [0x0000000081e00000, 0x0000000087c00000, 0x00000000d5f80000)
  object space 96256K, 25% used [0x0000000081e00000,0x00000000836682d0,0x0000000087c00000)
 Metaspace       used 55751K, capacity 58924K, committed 59028K, reserved 1099776K
  class space    used 7584K, capacity 8162K, committed 8192K, reserved 1048576K
}

